mode: atomic
github.com/iwen-conf/utils-pkg/jwt/jwt.go:51.42,56.2 1 9
github.com/iwen-conf/utils-pkg/jwt/jwt.go:77.38,87.2 1 25
github.com/iwen-conf/utils-pkg/jwt/jwt.go:124.87,126.25 1 21
github.com/iwen-conf/utils-pkg/jwt/jwt.go:126.25,128.3 1 2
github.com/iwen-conf/utils-pkg/jwt/jwt.go:131.2,132.30 2 19
github.com/iwen-conf/utils-pkg/jwt/jwt.go:132.30,133.10 1 860
github.com/iwen-conf/utils-pkg/jwt/jwt.go:134.29,135.19 1 0
github.com/iwen-conf/utils-pkg/jwt/jwt.go:136.29,137.19 1 651
github.com/iwen-conf/utils-pkg/jwt/jwt.go:138.29,139.20 1 37
github.com/iwen-conf/utils-pkg/jwt/jwt.go:140.11,141.21 1 172
github.com/iwen-conf/utils-pkg/jwt/jwt.go:145.2,146.14 2 19
github.com/iwen-conf/utils-pkg/jwt/jwt.go:146.14,146.27 1 0
github.com/iwen-conf/utils-pkg/jwt/jwt.go:147.2,147.14 1 19
github.com/iwen-conf/utils-pkg/jwt/jwt.go:147.14,147.27 1 19
github.com/iwen-conf/utils-pkg/jwt/jwt.go:148.2,148.15 1 19
github.com/iwen-conf/utils-pkg/jwt/jwt.go:148.15,148.28 1 19
github.com/iwen-conf/utils-pkg/jwt/jwt.go:149.2,149.16 1 19
github.com/iwen-conf/utils-pkg/jwt/jwt.go:149.16,149.29 1 19
github.com/iwen-conf/utils-pkg/jwt/jwt.go:151.2,151.17 1 19
github.com/iwen-conf/utils-pkg/jwt/jwt.go:151.17,153.3 1 0
github.com/iwen-conf/utils-pkg/jwt/jwt.go:155.2,156.43 2 19
github.com/iwen-conf/utils-pkg/jwt/jwt.go:156.43,158.3 1 4
github.com/iwen-conf/utils-pkg/jwt/jwt.go:161.2,163.35 3 19
github.com/iwen-conf/utils-pkg/jwt/jwt.go:163.35,165.3 1 304
github.com/iwen-conf/utils-pkg/jwt/jwt.go:167.2,183.37 2 19
github.com/iwen-conf/utils-pkg/jwt/jwt.go:183.37,186.3 2 17
github.com/iwen-conf/utils-pkg/jwt/jwt.go:188.2,188.21 1 19
github.com/iwen-conf/utils-pkg/jwt/jwt.go:193.82,195.16 2 18
github.com/iwen-conf/utils-pkg/jwt/jwt.go:195.16,196.13 1 0
github.com/iwen-conf/utils-pkg/jwt/jwt.go:198.2,198.16 1 18
github.com/iwen-conf/utils-pkg/jwt/jwt.go:202.55,205.44 2 29
github.com/iwen-conf/utils-pkg/jwt/jwt.go:205.44,207.3 1 290
github.com/iwen-conf/utils-pkg/jwt/jwt.go:208.2,208.34 1 29
github.com/iwen-conf/utils-pkg/jwt/jwt.go:212.46,213.6 1 17
github.com/iwen-conf/utils-pkg/jwt/jwt.go:213.6,214.10 1 17
github.com/iwen-conf/utils-pkg/jwt/jwt.go:215.28,217.18 2 0
github.com/iwen-conf/utils-pkg/jwt/jwt.go:218.24,220.10 2 0
github.com/iwen-conf/utils-pkg/jwt/jwt.go:226.35,227.28 1 0
github.com/iwen-conf/utils-pkg/jwt/jwt.go:227.28,229.3 1 0
github.com/iwen-conf/utils-pkg/jwt/jwt.go:233.47,235.2 1 1
github.com/iwen-conf/utils-pkg/jwt/jwt.go:238.49,240.2 1 0
github.com/iwen-conf/utils-pkg/jwt/jwt.go:243.55,245.2 1 0
github.com/iwen-conf/utils-pkg/jwt/jwt.go:248.47,250.2 1 0
github.com/iwen-conf/utils-pkg/jwt/jwt.go:253.82,254.30 1 4
github.com/iwen-conf/utils-pkg/jwt/jwt.go:254.30,256.3 1 2
github.com/iwen-conf/utils-pkg/jwt/jwt.go:256.8,256.38 1 2
github.com/iwen-conf/utils-pkg/jwt/jwt.go:256.38,258.3 1 2
github.com/iwen-conf/utils-pkg/jwt/jwt.go:262.65,263.17 1 0
github.com/iwen-conf/utils-pkg/jwt/jwt.go:263.17,265.3 1 0
github.com/iwen-conf/utils-pkg/jwt/jwt.go:269.96,271.19 1 10
github.com/iwen-conf/utils-pkg/jwt/jwt.go:271.19,273.3 1 1
github.com/iwen-conf/utils-pkg/jwt/jwt.go:276.2,277.43 2 9
github.com/iwen-conf/utils-pkg/jwt/jwt.go:277.43,279.3 1 6
github.com/iwen-conf/utils-pkg/jwt/jwt.go:282.2,283.21 2 9
github.com/iwen-conf/utils-pkg/jwt/jwt.go:283.21,285.3 1 1
github.com/iwen-conf/utils-pkg/jwt/jwt.go:287.2,288.24 2 9
github.com/iwen-conf/utils-pkg/jwt/jwt.go:288.24,290.3 1 1
github.com/iwen-conf/utils-pkg/jwt/jwt.go:290.8,290.37 1 8
github.com/iwen-conf/utils-pkg/jwt/jwt.go:290.37,292.3 1 6
github.com/iwen-conf/utils-pkg/jwt/jwt.go:292.8,294.3 1 2
github.com/iwen-conf/utils-pkg/jwt/jwt.go:297.2,298.19 2 9
github.com/iwen-conf/utils-pkg/jwt/jwt.go:298.19,300.3 1 9
github.com/iwen-conf/utils-pkg/jwt/jwt.go:303.2,319.30 4 9
github.com/iwen-conf/utils-pkg/jwt/jwt.go:319.30,320.39 1 5
github.com/iwen-conf/utils-pkg/jwt/jwt.go:320.39,323.57 1 2
github.com/iwen-conf/utils-pkg/jwt/jwt.go:323.57,325.5 1 0
github.com/iwen-conf/utils-pkg/jwt/jwt.go:330.2,331.16 2 9
github.com/iwen-conf/utils-pkg/jwt/jwt.go:331.16,334.3 2 0
github.com/iwen-conf/utils-pkg/jwt/jwt.go:336.2,336.17 1 9
github.com/iwen-conf/utils-pkg/jwt/jwt.go:336.17,339.3 1 0
github.com/iwen-conf/utils-pkg/jwt/jwt.go:341.2,341.22 1 9
github.com/iwen-conf/utils-pkg/jwt/jwt.go:345.80,347.19 1 11
github.com/iwen-conf/utils-pkg/jwt/jwt.go:347.19,348.58 1 11
github.com/iwen-conf/utils-pkg/jwt/jwt.go:348.58,350.4 1 1
github.com/iwen-conf/utils-pkg/jwt/jwt.go:354.2,354.31 1 10
github.com/iwen-conf/utils-pkg/jwt/jwt.go:354.31,355.20 1 2
github.com/iwen-conf/utils-pkg/jwt/jwt.go:355.20,357.4 1 2
github.com/iwen-conf/utils-pkg/jwt/jwt.go:358.3,358.51 1 2
github.com/iwen-conf/utils-pkg/jwt/jwt.go:362.2,362.37 1 8
github.com/iwen-conf/utils-pkg/jwt/jwt.go:362.37,363.20 1 1
github.com/iwen-conf/utils-pkg/jwt/jwt.go:363.20,365.4 1 1
github.com/iwen-conf/utils-pkg/jwt/jwt.go:366.3,366.49 1 1
github.com/iwen-conf/utils-pkg/jwt/jwt.go:370.2,370.109 1 7
github.com/iwen-conf/utils-pkg/jwt/jwt.go:370.109,371.58 1 7
github.com/iwen-conf/utils-pkg/jwt/jwt.go:371.58,373.4 1 0
github.com/iwen-conf/utils-pkg/jwt/jwt.go:374.3,374.26 1 7
github.com/iwen-conf/utils-pkg/jwt/jwt.go:378.2,378.16 1 7
github.com/iwen-conf/utils-pkg/jwt/jwt.go:378.16,379.20 1 0
github.com/iwen-conf/utils-pkg/jwt/jwt.go:379.20,381.4 1 0
github.com/iwen-conf/utils-pkg/jwt/jwt.go:382.3,382.18 1 0
github.com/iwen-conf/utils-pkg/jwt/jwt.go:386.2,386.69 1 7
github.com/iwen-conf/utils-pkg/jwt/jwt.go:386.69,388.20 1 7
github.com/iwen-conf/utils-pkg/jwt/jwt.go:388.20,390.4 1 7
github.com/iwen-conf/utils-pkg/jwt/jwt.go:391.3,391.21 1 7
github.com/iwen-conf/utils-pkg/jwt/jwt.go:395.2,395.19 1 0
github.com/iwen-conf/utils-pkg/jwt/jwt.go:395.19,397.3 1 0
github.com/iwen-conf/utils-pkg/jwt/jwt.go:398.2,398.41 1 0
github.com/iwen-conf/utils-pkg/jwt/jwt.go:402.114,405.16 2 2
github.com/iwen-conf/utils-pkg/jwt/jwt.go:405.16,407.3 1 0
github.com/iwen-conf/utils-pkg/jwt/jwt.go:410.2,410.38 1 2
github.com/iwen-conf/utils-pkg/jwt/jwt.go:410.38,412.3 1 1
github.com/iwen-conf/utils-pkg/jwt/jwt.go:415.2,421.16 3 1
github.com/iwen-conf/utils-pkg/jwt/jwt.go:421.16,423.3 1 0
github.com/iwen-conf/utils-pkg/jwt/jwt.go:425.2,425.42 1 1
github.com/iwen-conf/utils-pkg/jwt/jwt.go:429.65,431.24 1 8
github.com/iwen-conf/utils-pkg/jwt/jwt.go:431.24,433.3 1 0
github.com/iwen-conf/utils-pkg/jwt/jwt.go:436.2,437.29 2 8
github.com/iwen-conf/utils-pkg/jwt/jwt.go:437.29,438.15 1 1704
github.com/iwen-conf/utils-pkg/jwt/jwt.go:438.15,440.4 1 14
github.com/iwen-conf/utils-pkg/jwt/jwt.go:442.2,442.19 1 8
github.com/iwen-conf/utils-pkg/jwt/jwt.go:446.83,451.13 4 11
github.com/iwen-conf/utils-pkg/jwt/jwt.go:451.13,453.3 1 10
github.com/iwen-conf/utils-pkg/jwt/jwt.go:456.2,456.45 1 1
github.com/iwen-conf/utils-pkg/jwt/jwt.go:456.45,462.3 4 0
github.com/iwen-conf/utils-pkg/jwt/jwt.go:465.2,465.17 1 1
github.com/iwen-conf/utils-pkg/jwt/jwt.go:465.17,467.3 1 0
github.com/iwen-conf/utils-pkg/jwt/jwt.go:468.2,468.36 1 1
github.com/iwen-conf/utils-pkg/jwt/jwt.go:472.88,477.33 3 10
github.com/iwen-conf/utils-pkg/jwt/jwt.go:477.33,479.3 1 0
github.com/iwen-conf/utils-pkg/jwt/jwt.go:482.2,486.3 1 10
github.com/iwen-conf/utils-pkg/jwt/jwt.go:490.52,492.37 1 0
github.com/iwen-conf/utils-pkg/jwt/jwt.go:492.37,494.3 1 0
github.com/iwen-conf/utils-pkg/jwt/jwt.go:496.2,503.35 3 0
github.com/iwen-conf/utils-pkg/jwt/jwt.go:503.35,505.3 1 0
github.com/iwen-conf/utils-pkg/jwt/jwt.go:509.2,509.47 1 0
github.com/iwen-conf/utils-pkg/jwt/jwt.go:509.47,511.39 2 0
github.com/iwen-conf/utils-pkg/jwt/jwt.go:511.39,512.48 1 0
github.com/iwen-conf/utils-pkg/jwt/jwt.go:512.48,514.5 1 0
github.com/iwen-conf/utils-pkg/jwt/jwt.go:517.3,517.18 1 0
github.com/iwen-conf/utils-pkg/jwt/jwt.go:517.18,519.4 1 0
github.com/iwen-conf/utils-pkg/jwt/jwt.go:522.3,522.34 1 0
github.com/iwen-conf/utils-pkg/jwt/jwt.go:527.37,535.35 5 0
github.com/iwen-conf/utils-pkg/jwt/jwt.go:535.35,536.41 1 0
github.com/iwen-conf/utils-pkg/jwt/jwt.go:536.41,538.4 1 0
github.com/iwen-conf/utils-pkg/jwt/jwt.go:541.2,541.17 1 0
github.com/iwen-conf/utils-pkg/jwt/jwt.go:541.17,543.3 1 0
github.com/iwen-conf/utils-pkg/jwt/jwt.go:547.59,548.20 1 2
github.com/iwen-conf/utils-pkg/jwt/jwt.go:548.20,550.3 1 0
github.com/iwen-conf/utils-pkg/jwt/jwt.go:553.2,554.16 2 2
github.com/iwen-conf/utils-pkg/jwt/jwt.go:554.16,556.3 1 0
github.com/iwen-conf/utils-pkg/jwt/jwt.go:559.2,560.29 2 2
github.com/iwen-conf/utils-pkg/jwt/jwt.go:560.29,562.3 1 2
github.com/iwen-conf/utils-pkg/jwt/jwt.go:562.8,565.3 1 0
github.com/iwen-conf/utils-pkg/jwt/jwt.go:567.2,567.39 1 2
github.com/iwen-conf/utils-pkg/jwt/jwt.go:567.39,569.3 1 0
github.com/iwen-conf/utils-pkg/jwt/jwt.go:572.2,579.19 5 2
github.com/iwen-conf/utils-pkg/jwt/jwt.go:579.19,583.3 3 2
github.com/iwen-conf/utils-pkg/jwt/jwt.go:585.2,585.12 1 2
github.com/iwen-conf/utils-pkg/jwt/jwt.go:589.60,596.13 5 12
github.com/iwen-conf/utils-pkg/jwt/jwt.go:596.13,598.3 1 9
github.com/iwen-conf/utils-pkg/jwt/jwt.go:601.2,602.25 2 3
github.com/iwen-conf/utils-pkg/jwt/jwt.go:602.25,603.40 1 0
github.com/iwen-conf/utils-pkg/jwt/jwt.go:603.40,605.4 1 0
github.com/iwen-conf/utils-pkg/jwt/jwt.go:608.3,612.15 4 0
github.com/iwen-conf/utils-pkg/jwt/jwt.go:615.2,615.39 1 3
github.com/iwen-conf/utils-pkg/jwt/jwt.go:615.39,617.3 1 0
github.com/iwen-conf/utils-pkg/jwt/jwt.go:618.2,618.13 1 3
github.com/iwen-conf/utils-pkg/jwt/jwt.go:622.41,627.43 3 1
github.com/iwen-conf/utils-pkg/jwt/jwt.go:627.43,632.44 3 16
github.com/iwen-conf/utils-pkg/jwt/jwt.go:632.44,634.57 1 14
github.com/iwen-conf/utils-pkg/jwt/jwt.go:634.57,636.5 1 1
github.com/iwen-conf/utils-pkg/jwt/jwt.go:640.3,640.39 1 16
github.com/iwen-conf/utils-pkg/jwt/jwt.go:640.39,643.4 2 1
github.com/iwen-conf/utils-pkg/jwt/jwt.go:645.3,645.30 1 16
github.com/iwen-conf/utils-pkg/jwt/jwt.go:648.2,648.32 1 1
github.com/iwen-conf/utils-pkg/jwt/jwt.go:648.32,650.3 1 0
github.com/iwen-conf/utils-pkg/jwt/jwt.go:654.47,656.43 2 0
github.com/iwen-conf/utils-pkg/jwt/jwt.go:656.43,659.34 2 0
github.com/iwen-conf/utils-pkg/jwt/jwt.go:659.34,660.34 1 0
github.com/iwen-conf/utils-pkg/jwt/jwt.go:660.34,662.5 1 0
github.com/iwen-conf/utils-pkg/jwt/jwt.go:664.3,664.31 1 0
github.com/iwen-conf/utils-pkg/jwt/jwt.go:666.2,666.14 1 0
github.com/iwen-conf/utils-pkg/jwt/jwt.go:670.43,674.2 3 0
github.com/iwen-conf/utils-pkg/jwt/jwt.go:677.59,687.2 1 3
github.com/iwen-conf/utils-pkg/jwt/jwt.go:690.61,692.2 1 3
github.com/iwen-conf/utils-pkg/jwt/jwt.go:695.62,697.2 1 3
